\BOOKMARK [0][-]{chapter.1}{\376\377\0001\000\040\000F\000i\000l\000e\000\040\000I\000n\000d\000e\000x}{}% 1
\BOOKMARK [1][-]{section.1.1}{\376\377\0001\000.\0001\000\040\000F\000i\000l\000e\000\040\000L\000i\000s\000t}{chapter.1}% 2
\BOOKMARK [0][-]{chapter.2}{\376\377\0002\000\040\000F\000i\000l\000e\000\040\000D\000o\000c\000u\000m\000e\000n\000t\000a\000t\000i\000o\000n}{}% 3
\BOOKMARK [1][-]{section.2.1}{\376\377\0002\000.\0001\000\040\000C\000o\000r\000e\000/\000S\000r\000c\000/\000c\000l\000o\000c\000k\000.\000c\000\040\000F\000i\000l\000e\000\040\000R\000e\000f\000e\000r\000e\000n\000c\000e}{chapter.2}% 4
\BOOKMARK [2][-]{subsection.2.1.1}{\376\377\0002\000.\0001\000.\0001\000\040\000D\000e\000t\000a\000i\000l\000e\000d\000\040\000D\000e\000s\000c\000r\000i\000p\000t\000i\000o\000n}{section.2.1}% 5
\BOOKMARK [2][-]{subsection.2.1.2}{\376\377\0002\000.\0001\000.\0002\000\040\000F\000u\000n\000c\000t\000i\000o\000n\000\040\000D\000o\000c\000u\000m\000e\000n\000t\000a\000t\000i\000o\000n}{section.2.1}% 6
\BOOKMARK [3][-]{subsubsection.2.1.2.1}{\376\377\0002\000.\0001\000.\0002\000.\0001\000\040\000g\000e\000t\000\137\000t\000i\000m\000e\000\050\000\051}{subsection.2.1.2}% 7
\BOOKMARK [1][-]{section.2.2}{\376\377\0002\000.\0002\000\040\000C\000o\000r\000e\000/\000S\000r\000c\000/\000d\000i\000s\000p\000l\000a\000y\000.\000c\000\040\000F\000i\000l\000e\000\040\000R\000e\000f\000e\000r\000e\000n\000c\000e}{chapter.2}% 8
\BOOKMARK [2][-]{subsection.2.2.1}{\376\377\0002\000.\0002\000.\0001\000\040\000D\000e\000t\000a\000i\000l\000e\000d\000\040\000D\000e\000s\000c\000r\000i\000p\000t\000i\000o\000n}{section.2.2}% 9
\BOOKMARK [2][-]{subsection.2.2.2}{\376\377\0002\000.\0002\000.\0002\000\040\000F\000u\000n\000c\000t\000i\000o\000n\000\040\000D\000o\000c\000u\000m\000e\000n\000t\000a\000t\000i\000o\000n}{section.2.2}% 10
\BOOKMARK [3][-]{subsubsection.2.2.2.1}{\376\377\0002\000.\0002\000.\0002\000.\0001\000\040\000d\000i\000s\000p\000l\000a\000y\000\137\000s\000e\000n\000d\000\137\000i\000n\000s\000t\000r\000u\000c\000t\000i\000o\000n\000\050\000\051}{subsection.2.2.2}% 11
\BOOKMARK [3][-]{subsubsection.2.2.2.2}{\376\377\0002\000.\0002\000.\0002\000.\0002\000\040\000d\000i\000s\000p\000l\000a\000y\000\137\000t\000r\000a\000n\000s\000m\000i\000t\000\050\000\051}{subsection.2.2.2}% 12
\BOOKMARK [3][-]{subsubsection.2.2.2.3}{\376\377\0002\000.\0002\000.\0002\000.\0003\000\040\000d\000i\000s\000p\000l\000a\000y\000\137\000w\000r\000i\000t\000e\000\050\000\051}{subsection.2.2.2}% 13
\BOOKMARK [3][-]{subsubsection.2.2.2.4}{\376\377\0002\000.\0002\000.\0002\000.\0004\000\040\000d\000i\000s\000p\000l\000a\000y\000\137\000w\000r\000i\000t\000e\000\137\000r\000o\000w\000\050\000\051}{subsection.2.2.2}% 14
\BOOKMARK [3][-]{subsubsection.2.2.2.5}{\376\377\0002\000.\0002\000.\0002\000.\0005\000\040\000s\000e\000t\000\137\000r\000o\000w\000\050\000\051}{subsection.2.2.2}% 15
\BOOKMARK [3][-]{subsubsection.2.2.2.6}{\376\377\0002\000.\0002\000.\0002\000.\0006\000\040\000s\000p\000l\000i\000t\000\137\000b\000y\000t\000e\000\050\000\051}{subsection.2.2.2}% 16
\BOOKMARK [1][-]{section.2.3}{\376\377\0002\000.\0003\000\040\000C\000o\000r\000e\000/\000S\000r\000c\000/\000e\000r\000r\000o\000r\000.\000c\000\040\000F\000i\000l\000e\000\040\000R\000e\000f\000e\000r\000e\000n\000c\000e}{chapter.2}% 17
\BOOKMARK [2][-]{subsection.2.3.1}{\376\377\0002\000.\0003\000.\0001\000\040\000D\000e\000t\000a\000i\000l\000e\000d\000\040\000D\000e\000s\000c\000r\000i\000p\000t\000i\000o\000n}{section.2.3}% 18
\BOOKMARK [2][-]{subsection.2.3.2}{\376\377\0002\000.\0003\000.\0002\000\040\000F\000u\000n\000c\000t\000i\000o\000n\000\040\000D\000o\000c\000u\000m\000e\000n\000t\000a\000t\000i\000o\000n}{section.2.3}% 19
\BOOKMARK [3][-]{subsubsection.2.3.2.1}{\376\377\0002\000.\0003\000.\0002\000.\0001\000\040\000h\000a\000n\000d\000l\000e\000\137\000e\000r\000r\000o\000r\000\050\000\051}{subsection.2.3.2}% 20
\BOOKMARK [1][-]{section.2.4}{\376\377\0002\000.\0004\000\040\000C\000o\000r\000e\000/\000S\000r\000c\000/\000f\000r\000e\000e\000r\000t\000o\000s\000.\000c\000\040\000F\000i\000l\000e\000\040\000R\000e\000f\000e\000r\000e\000n\000c\000e}{chapter.2}% 21
\BOOKMARK [2][-]{subsection.2.4.1}{\376\377\0002\000.\0004\000.\0001\000\040\000D\000e\000t\000a\000i\000l\000e\000d\000\040\000D\000e\000s\000c\000r\000i\000p\000t\000i\000o\000n}{section.2.4}% 22
\BOOKMARK [2][-]{subsection.2.4.2}{\376\377\0002\000.\0004\000.\0002\000\040\000F\000u\000n\000c\000t\000i\000o\000n\000\040\000D\000o\000c\000u\000m\000e\000n\000t\000a\000t\000i\000o\000n}{section.2.4}% 23
\BOOKMARK [3][-]{subsubsection.2.4.2.1}{\376\377\0002\000.\0004\000.\0002\000.\0001\000\040\000M\000X\000\137\000F\000R\000E\000E\000R\000T\000O\000S\000\137\000I\000n\000i\000t\000\050\000\051}{subsection.2.4.2}% 24
\BOOKMARK [3][-]{subsubsection.2.4.2.2}{\376\377\0002\000.\0004\000.\0002\000.\0002\000\040\000s\000t\000a\000r\000t\000B\000a\000c\000k\000l\000i\000g\000h\000t\000T\000a\000s\000k\000\050\000\051}{subsection.2.4.2}% 25
\BOOKMARK [3][-]{subsubsection.2.4.2.3}{\376\377\0002\000.\0004\000.\0002\000.\0003\000\040\000s\000t\000a\000r\000t\000C\000l\000o\000c\000k\000T\000a\000s\000k\000\050\000\051}{subsection.2.4.2}% 26
\BOOKMARK [3][-]{subsubsection.2.4.2.4}{\376\377\0002\000.\0004\000.\0002\000.\0004\000\040\000S\000t\000a\000r\000t\000D\000e\000f\000a\000u\000l\000t\000T\000a\000s\000k\000\050\000\051}{subsection.2.4.2}% 27
\BOOKMARK [2][-]{subsection.2.4.3}{\376\377\0002\000.\0004\000.\0003\000\040\000V\000a\000r\000i\000a\000b\000l\000e\000\040\000D\000o\000c\000u\000m\000e\000n\000t\000a\000t\000i\000o\000n}{section.2.4}% 28
\BOOKMARK [3][-]{subsubsection.2.4.3.1}{\376\377\0002\000.\0004\000.\0003\000.\0001\000\040\000b\000a\000c\000k\000l\000i\000g\000h\000t\000T\000a\000s\000k\000\137\000a\000t\000t\000r\000i\000b\000u\000t\000e\000s}{subsection.2.4.3}% 29
\BOOKMARK [3][-]{subsubsection.2.4.3.2}{\376\377\0002\000.\0004\000.\0003\000.\0002\000\040\000c\000l\000o\000c\000k\000T\000a\000s\000k\000\137\000a\000t\000t\000r\000i\000b\000u\000t\000e\000s}{subsection.2.4.3}% 30
\BOOKMARK [3][-]{subsubsection.2.4.3.3}{\376\377\0002\000.\0004\000.\0003\000.\0003\000\040\000d\000e\000f\000a\000u\000l\000t\000T\000a\000s\000k\000\137\000a\000t\000t\000r\000i\000b\000u\000t\000e\000s}{subsection.2.4.3}% 31
\BOOKMARK [1][-]{section.2.5}{\376\377\0002\000.\0005\000\040\000C\000o\000r\000e\000/\000S\000r\000c\000/\000m\000a\000i\000n\000.\000c\000\040\000F\000i\000l\000e\000\040\000R\000e\000f\000e\000r\000e\000n\000c\000e}{chapter.2}% 32
\BOOKMARK [2][-]{subsection.2.5.1}{\376\377\0002\000.\0005\000.\0001\000\040\000D\000e\000t\000a\000i\000l\000e\000d\000\040\000D\000e\000s\000c\000r\000i\000p\000t\000i\000o\000n}{section.2.5}% 33
\BOOKMARK [2][-]{subsection.2.5.2}{\376\377\0002\000.\0005\000.\0002\000\040\000F\000u\000n\000c\000t\000i\000o\000n\000\040\000D\000o\000c\000u\000m\000e\000n\000t\000a\000t\000i\000o\000n}{section.2.5}% 34
\BOOKMARK [3][-]{subsubsection.2.5.2.1}{\376\377\0002\000.\0005\000.\0002\000.\0001\000\040\000E\000r\000r\000o\000r\000\137\000H\000a\000n\000d\000l\000e\000r\000\050\000\051}{subsection.2.5.2}% 35
\BOOKMARK [3][-]{subsubsection.2.5.2.2}{\376\377\0002\000.\0005\000.\0002\000.\0002\000\040\000H\000A\000L\000\137\000T\000I\000M\000\137\000P\000e\000r\000i\000o\000d\000E\000l\000a\000p\000s\000e\000d\000C\000a\000l\000l\000b\000a\000c\000k\000\050\000\051}{subsection.2.5.2}% 36
\BOOKMARK [3][-]{subsubsection.2.5.2.3}{\376\377\0002\000.\0005\000.\0002\000.\0003\000\040\000H\000A\000L\000\137\000U\000A\000R\000T\000\137\000R\000x\000C\000p\000l\000t\000C\000a\000l\000l\000b\000a\000c\000k\000\050\000\051}{subsection.2.5.2}% 37
\BOOKMARK [3][-]{subsubsection.2.5.2.4}{\376\377\0002\000.\0005\000.\0002\000.\0004\000\040\000H\000A\000L\000\137\000U\000A\000R\000T\000\137\000T\000x\000C\000p\000l\000t\000C\000a\000l\000l\000b\000a\000c\000k\000\050\000\051}{subsection.2.5.2}% 38
\BOOKMARK [3][-]{subsubsection.2.5.2.5}{\376\377\0002\000.\0005\000.\0002\000.\0005\000\040\000m\000a\000i\000n\000\050\000\051}{subsection.2.5.2}% 39
\BOOKMARK [3][-]{subsubsection.2.5.2.6}{\376\377\0002\000.\0005\000.\0002\000.\0006\000\040\000M\000X\000\137\000F\000R\000E\000E\000R\000T\000O\000S\000\137\000I\000n\000i\000t\000\050\000\051}{subsection.2.5.2}% 40
\BOOKMARK [3][-]{subsubsection.2.5.2.7}{\376\377\0002\000.\0005\000.\0002\000.\0007\000\040\000S\000y\000s\000t\000e\000m\000C\000l\000o\000c\000k\000\137\000C\000o\000n\000f\000i\000g\000\050\000\051}{subsection.2.5.2}% 41
\BOOKMARK [1][-]{section.2.6}{\376\377\0002\000.\0006\000\040\000C\000o\000r\000e\000/\000S\000r\000c\000/\000p\000o\000t\000e\000n\000t\000i\000o\000m\000e\000t\000e\000r\000.\000c\000\040\000F\000i\000l\000e\000\040\000R\000e\000f\000e\000r\000e\000n\000c\000e}{chapter.2}% 42
\BOOKMARK [2][-]{subsection.2.6.1}{\376\377\0002\000.\0006\000.\0001\000\040\000D\000e\000t\000a\000i\000l\000e\000d\000\040\000D\000e\000s\000c\000r\000i\000p\000t\000i\000o\000n}{section.2.6}% 43
\BOOKMARK [2][-]{subsection.2.6.2}{\376\377\0002\000.\0006\000.\0002\000\040\000F\000u\000n\000c\000t\000i\000o\000n\000\040\000D\000o\000c\000u\000m\000e\000n\000t\000a\000t\000i\000o\000n}{section.2.6}% 44
\BOOKMARK [3][-]{subsubsection.2.6.2.1}{\376\377\0002\000.\0006\000.\0002\000.\0001\000\040\000g\000e\000t\000\137\000p\000o\000t\000e\000n\000t\000i\000o\000m\000e\000t\000e\000r\000\137\000v\000a\000l\000u\000e\000\050\000\051}{subsection.2.6.2}% 45
\BOOKMARK [1][-]{section.2.7}{\376\377\0002\000.\0007\000\040\000C\000o\000r\000e\000/\000S\000r\000c\000/\000r\000e\000d\000.\000c\000\040\000F\000i\000l\000e\000\040\000R\000e\000f\000e\000r\000e\000n\000c\000e}{chapter.2}% 46
\BOOKMARK [2][-]{subsection.2.7.1}{\376\377\0002\000.\0007\000.\0001\000\040\000D\000e\000t\000a\000i\000l\000e\000d\000\040\000D\000e\000s\000c\000r\000i\000p\000t\000i\000o\000n}{section.2.7}% 47
\BOOKMARK [2][-]{subsection.2.7.2}{\376\377\0002\000.\0007\000.\0002\000\040\000F\000u\000n\000c\000t\000i\000o\000n\000\040\000D\000o\000c\000u\000m\000e\000n\000t\000a\000t\000i\000o\000n}{section.2.7}% 48
\BOOKMARK [3][-]{subsubsection.2.7.2.1}{\376\377\0002\000.\0007\000.\0002\000.\0001\000\040\000s\000e\000t\000\137\000b\000r\000i\000g\000h\000t\000n\000e\000s\000s\000\050\000\051}{subsection.2.7.2}% 49
\BOOKMARK [1][-]{section.2.8}{\376\377\0002\000.\0008\000\040\000C\000o\000r\000e\000/\000S\000r\000c\000/\000u\000a\000r\000t\000.\000c\000\040\000F\000i\000l\000e\000\040\000R\000e\000f\000e\000r\000e\000n\000c\000e}{chapter.2}% 50
\BOOKMARK [2][-]{subsection.2.8.1}{\376\377\0002\000.\0008\000.\0001\000\040\000D\000e\000t\000a\000i\000l\000e\000d\000\040\000D\000e\000s\000c\000r\000i\000p\000t\000i\000o\000n}{section.2.8}% 51
\BOOKMARK [2][-]{subsection.2.8.2}{\376\377\0002\000.\0008\000.\0002\000\040\000F\000u\000n\000c\000t\000i\000o\000n\000\040\000D\000o\000c\000u\000m\000e\000n\000t\000a\000t\000i\000o\000n}{section.2.8}% 52
\BOOKMARK [3][-]{subsubsection.2.8.2.1}{\376\377\0002\000.\0008\000.\0002\000.\0001\000\040\000u\000a\000r\000t\000\137\000g\000e\000t\000\137\000c\000l\000o\000c\000k\000\137\000i\000n\000p\000u\000t\000\050\000\051}{subsection.2.8.2}% 53
\BOOKMARK [3][-]{subsubsection.2.8.2.2}{\376\377\0002\000.\0008\000.\0002\000.\0002\000\040\000u\000a\000r\000t\000\137\000p\000r\000i\000n\000t\000l\000n\000\050\000\051}{subsection.2.8.2}% 54
\BOOKMARK [3][-]{subsubsection.2.8.2.3}{\376\377\0002\000.\0008\000.\0002\000.\0003\000\040\000u\000a\000r\000t\000\137\000p\000r\000i\000n\000t\000n\000u\000m\000\050\000\051}{subsection.2.8.2}% 55
\BOOKMARK [3][-]{subsubsection.2.8.2.4}{\376\377\0002\000.\0008\000.\0002\000.\0004\000\040\000u\000a\000r\000t\000\137\000r\000e\000c\000e\000i\000v\000e\000\050\000\051}{subsection.2.8.2}% 56
\BOOKMARK [3][-]{subsubsection.2.8.2.5}{\376\377\0002\000.\0008\000.\0002\000.\0005\000\040\000u\000a\000r\000t\000\137\000s\000e\000n\000d\000\050\000\051}{subsection.2.8.2}% 57
\BOOKMARK [0][-]{section*.16}{\376\377\000I\000n\000d\000e\000x}{}% 58
